Using pre-set license
Built from '2020.3/staging' branch; Version is '2020.3.14f1 (d0d1bb862f9d) revision 13685179'; Using compiler version '192528614'; Build Type 'Release'
OS: 'Windows 10 Pro; OS build 19043.1237; Version 2009; 64bit' Language: 'es' Physical Memory: 8129 MB
BatchMode: 1, IsHumanControllingUs: 0, StartBugReporterOnCrash: 0, Is64bit: 1, IsPro: 0

 COMMAND LINE ARGUMENTS:
C:\Program Files\Unity\Hub\Editor\2020.3.14f1\Editor\Unity.exe
-adb2
-batchMode
-noUpm
-name
AssetImportWorker0
-projectPath
E:/Programacion/test 2d
-logFile
Logs/AssetImportWorker0.log
-srvPort
57173
Successfully changed project path to: E:/Programacion/test 2d
E:/Programacion/test 2d
Using Asset Import Pipeline V2.
Refreshing native plugins compatible for Editor in 43.35 ms, found 3 plugins.
Preloading 0 native plugins for Editor in 0.00 ms.
Initialize engine version: 2020.3.14f1 (d0d1bb862f9d)
[Subsystems] Discovering subsystems at path C:/Program Files/Unity/Hub/Editor/2020.3.14f1/Editor/Data/Resources/UnitySubsystems
[Subsystems] Discovering subsystems at path E:/Programacion/test 2d/Assets
GfxDevice: creating device client; threaded=0
Direct3D:
    Version:  Direct3D 11.0 [level 11.1]
    Renderer: NVIDIA GeForce GTX 1650 (ID=0x1f82)
    Vendor:   
    VRAM:     3962 MB
    Driver:   30.0.14.7141
Initialize mono
Mono path[0] = 'C:/Program Files/Unity/Hub/Editor/2020.3.14f1/Editor/Data/Managed'
Mono path[1] = 'C:/Program Files/Unity/Hub/Editor/2020.3.14f1/Editor/Data/MonoBleedingEdge/lib/mono/unityjit'
Mono config path = 'C:/Program Files/Unity/Hub/Editor/2020.3.14f1/Editor/Data/MonoBleedingEdge/etc'
Using monoOptions --debugger-agent=transport=dt_socket,embedding=1,server=y,suspend=n,address=127.0.0.1:56128
Begin MonoManager ReloadAssembly
Registering precompiled unity dll's ...
Register platform support module: C:/Program Files/Unity/Hub/Editor/2020.3.14f1/Editor/Data/PlaybackEngines/WindowsStandaloneSupport/UnityEditor.WindowsStandalone.Extensions.dll
Registered in 0.002132 seconds.
Native extension for WindowsStandalone target not found
Refreshing native plugins compatible for Editor in 38.73 ms, found 3 plugins.
Preloading 0 native plugins for Editor in 0.00 ms.
Mono: successfully reloaded assembly
- Completed reload, in  1.161 seconds
Domain Reload Profiling:
	ReloadAssembly (1161ms)
		BeginReloadAssembly (59ms)
			ExecutionOrderSort (0ms)
			DisableScriptedObjects (0ms)
			BackupInstance (0ms)
			ReleaseScriptingObjects (0ms)
			CreateAndSetChildDomain (1ms)
		EndReloadAssembly (421ms)
			LoadAssemblies (57ms)
			RebuildTransferFunctionScriptingTraits (0ms)
			SetupTypeCache (160ms)
			ReleaseScriptCaches (0ms)
			RebuildScriptCaches (33ms)
			SetupLoadedEditorAssemblies (164ms)
				LogAssemblyErrors (0ms)
				InitializePlatformSupportModulesInManaged (4ms)
				SetLoadedEditorAssemblies (0ms)
				RefreshPlugins (39ms)
				BeforeProcessingInitializeOnLoad (7ms)
				ProcessInitializeOnLoadAttributes (84ms)
				ProcessInitializeOnLoadMethodAttributes (29ms)
				AfterProcessingInitializeOnLoad (0ms)
				EditorAssembliesLoaded (0ms)
			ExecutionOrderSort2 (0ms)
			AwakeInstancesAfterBackupRestoration (0ms)
Platform modules already initialized, skipping
Registering precompiled user dll's ...
Registered in 0.004121 seconds.
Begin MonoManager ReloadAssembly
Native extension for WindowsStandalone target not found
Refreshing native plugins compatible for Editor in 39.16 ms, found 3 plugins.
Preloading 0 native plugins for Editor in 0.00 ms.
Mono: successfully reloaded assembly
- Completed reload, in  1.142 seconds
Domain Reload Profiling:
	ReloadAssembly (1143ms)
		BeginReloadAssembly (158ms)
			ExecutionOrderSort (0ms)
			DisableScriptedObjects (5ms)
			BackupInstance (0ms)
			ReleaseScriptingObjects (0ms)
			CreateAndSetChildDomain (18ms)
		EndReloadAssembly (919ms)
			LoadAssemblies (93ms)
			RebuildTransferFunctionScriptingTraits (0ms)
			SetupTypeCache (306ms)
			ReleaseScriptCaches (0ms)
			RebuildScriptCaches (50ms)
			SetupLoadedEditorAssemblies (345ms)
				LogAssemblyErrors (0ms)
				InitializePlatformSupportModulesInManaged (4ms)
				SetLoadedEditorAssemblies (0ms)
				RefreshPlugins (39ms)
				BeforeProcessingInitializeOnLoad (64ms)
				ProcessInitializeOnLoadAttributes (217ms)
				ProcessInitializeOnLoadMethodAttributes (13ms)
				AfterProcessingInitializeOnLoad (7ms)
				EditorAssembliesLoaded (0ms)
			ExecutionOrderSort2 (0ms)
			AwakeInstancesAfterBackupRestoration (6ms)
Platform modules already initialized, skipping
========================================================================
Worker process is ready to serve import requests
Launched and connected shader compiler UnityShaderCompiler.exe after 0.05 seconds
Refreshing native plugins compatible for Editor in 0.44 ms, found 3 plugins.
Preloading 0 native plugins for Editor in 0.00 ms.
Unloading 2084 Unused Serialized files (Serialized files now loaded: 0)
System memory in use before: 92.9 MB.
System memory in use after: 92.9 MB.

Unloading 33 unused Assets to reduce memory usage. Loaded Objects now: 2517.
Total: 2.639400 ms (FindLiveObjects: 0.189400 ms CreateObjectMapping: 0.073200 ms MarkObjects: 2.213700 ms  DeleteObjects: 0.161900 ms)

AssetImportParameters requested are different than current active one (requested -> active):
  custom:framework-win-MediaFoundation: 216162199b28c13a410421893ffa2e32 -> 
  custom:video-decoder-ogg-theora: a1e56fd34408186e4bbccfd4996cb3dc -> 
  custom:container-muxer-webm: aa71ff27fc2769a1b78a27578f13a17b -> 
  custom:container-demuxer-webm: 4f35f7cbe854078d1ac9338744f61a02 -> 
  custom:container-demuxer-ogg: 62fdf1f143b41e24485cea50d1cbac27 -> 
  custom:video-encoder-webm-vp8: eb34c28f22e8b96e1ab97ce403110664 -> 
  custom:video-decoder-webm-vp8: 9c59270c3fd7afecdb556c50c9e8de78 -> 
  custom:audio-decoder-ogg-vorbis: bf7c407c2cedff20999df2af8eb42d56 -> 
  custom:audio-encoder-webm-vorbis: bf7c407c2cedff20999df2af8eb42d56 -> 
========================================================================
Received Import Request.
  path: Assets
  artifactKey: Guid(00000000000000001000000000000000) Importer(815301076,1909f56bfc062723c751e8b465ee728b)
Start importing Assets using Guid(00000000000000001000000000000000) Importer(815301076,1909f56bfc062723c751e8b465ee728b)  -> (artifact id: '42d402b061de3733987d63b9cc3b64de') in 0.011241 seconds 
  Import took 0.140706 seconds .

========================================================================
Received Import Request.
  Time since last request: 21.833701 seconds.
  path: Assets/Scripts
  artifactKey: Guid(84d3b8ce69979c445b87e65896936ccf) Importer(815301076,1909f56bfc062723c751e8b465ee728b)
Start importing Assets/Scripts using Guid(84d3b8ce69979c445b87e65896936ccf) Importer(815301076,1909f56bfc062723c751e8b465ee728b)  -> (artifact id: 'a1400509b05076a6189c2e99dd23a4a6') in 0.009777 seconds 
  Import took 0.014446 seconds .

========================================================================
Received Import Request.
  Time since last request: 31.225715 seconds.
  path: Assets/Sprites
  artifactKey: Guid(1662d00fd9bf4ac4291e4f946266838f) Importer(815301076,1909f56bfc062723c751e8b465ee728b)
Start importing Assets/Sprites using Guid(1662d00fd9bf4ac4291e4f946266838f) Importer(815301076,1909f56bfc062723c751e8b465ee728b)  -> (artifact id: 'e8f95fd53d053c771ec31d89d14b76c5') in 0.011191 seconds 
  Import took 0.032176 seconds .

========================================================================
Received Import Request.
  Time since last request: 1650.437295 seconds.
  path: Assets/Scripts/Playermover.cs
  artifactKey: Guid(e8afcd0fd8b956e41a1a81e2812ffb15) Importer(815301076,1909f56bfc062723c751e8b465ee728b)
Start importing Assets/Scripts/Playermover.cs using Guid(e8afcd0fd8b956e41a1a81e2812ffb15) Importer(815301076,1909f56bfc062723c751e8b465ee728b)  -> (artifact id: 'dbf528b921723950911e675836e45fe9') in 0.036789 seconds 
  Import took 0.041661 seconds .

========================================================================
Received Prepare
Registering precompiled user dll's ...
Registered in 0.004197 seconds.
Begin MonoManager ReloadAssembly
Native extension for WindowsStandalone target not found
Refreshing native plugins compatible for Editor in 0.45 ms, found 3 plugins.
Preloading 0 native plugins for Editor in 0.00 ms.
Mono: successfully reloaded assembly
- Completed reload, in  1.041 seconds
Domain Reload Profiling:
	ReloadAssembly (1042ms)
		BeginReloadAssembly (127ms)
			ExecutionOrderSort (0ms)
			DisableScriptedObjects (7ms)
			BackupInstance (0ms)
			ReleaseScriptingObjects (0ms)
			CreateAndSetChildDomain (38ms)
		EndReloadAssembly (846ms)
			LoadAssemblies (98ms)
			RebuildTransferFunctionScriptingTraits (0ms)
			SetupTypeCache (300ms)
			ReleaseScriptCaches (1ms)
			RebuildScriptCaches (45ms)
			SetupLoadedEditorAssemblies (297ms)
				LogAssemblyErrors (0ms)
				InitializePlatformSupportModulesInManaged (5ms)
				SetLoadedEditorAssemblies (0ms)
				RefreshPlugins (1ms)
				BeforeProcessingInitializeOnLoad (57ms)
				ProcessInitializeOnLoadAttributes (219ms)
				ProcessInitializeOnLoadMethodAttributes (6ms)
				AfterProcessingInitializeOnLoad (8ms)
				EditorAssembliesLoaded (0ms)
			ExecutionOrderSort2 (0ms)
			AwakeInstancesAfterBackupRestoration (11ms)
Platform modules already initialized, skipping
Refreshing native plugins compatible for Editor in 0.45 ms, found 3 plugins.
Preloading 0 native plugins for Editor in 0.00 ms.
Unloading 2080 Unused Serialized files (Serialized files now loaded: 0)
System memory in use before: 92.9 MB.
System memory in use after: 92.9 MB.

Unloading 21 unused Assets to reduce memory usage. Loaded Objects now: 2522.
Total: 2.635500 ms (FindLiveObjects: 0.190100 ms CreateObjectMapping: 0.078700 ms MarkObjects: 2.227900 ms  DeleteObjects: 0.137800 ms)

AssetImportParameters requested are different than current active one (requested -> active):
  custom:framework-win-MediaFoundation: 216162199b28c13a410421893ffa2e32 -> 
  custom:video-decoder-ogg-theora: a1e56fd34408186e4bbccfd4996cb3dc -> 
  custom:container-muxer-webm: aa71ff27fc2769a1b78a27578f13a17b -> 
  custom:container-demuxer-webm: 4f35f7cbe854078d1ac9338744f61a02 -> 
  custom:container-demuxer-ogg: 62fdf1f143b41e24485cea50d1cbac27 -> 
  custom:video-encoder-webm-vp8: eb34c28f22e8b96e1ab97ce403110664 -> 
  custom:video-decoder-webm-vp8: 9c59270c3fd7afecdb556c50c9e8de78 -> 
  custom:audio-decoder-ogg-vorbis: bf7c407c2cedff20999df2af8eb42d56 -> 
  custom:audio-encoder-webm-vorbis: bf7c407c2cedff20999df2af8eb42d56 -> 
========================================================================
Received Import Request.
  Time since last request: 901.216955 seconds.
  path: Assets/Sprites/Sprites
  artifactKey: Guid(d29e12619441dfc488a954d07032ced3) Importer(815301076,1909f56bfc062723c751e8b465ee728b)
Start importing Assets/Sprites/Sprites using Guid(d29e12619441dfc488a954d07032ced3) Importer(815301076,1909f56bfc062723c751e8b465ee728b)  -> (artifact id: '7e1ecc7ff20642db695232c21fd66ede') in 0.012311 seconds 
  Import took 0.017518 seconds .

========================================================================
Received Import Request.
  Time since last request: 0.135088 seconds.
  path: Assets/Sprites/Sprites/Banderas.png
  artifactKey: Guid(3a1ac7c389dfa2d48b3865a29f7b952a) Importer(815301076,1909f56bfc062723c751e8b465ee728b)
Start importing Assets/Sprites/Sprites/Banderas.png using Guid(3a1ac7c389dfa2d48b3865a29f7b952a) Importer(815301076,1909f56bfc062723c751e8b465ee728b)  -> (artifact id: '454bb9ab1a4683c805824e7609fddfec') in 0.201867 seconds 
  Import took 0.220183 seconds .

========================================================================
Received Import Request.
  Time since last request: 0.000282 seconds.
  path: Assets/Sprites/Sprites/Hierbas.png
  artifactKey: Guid(2310d46a545275e4ea9141bdb13fc937) Importer(815301076,1909f56bfc062723c751e8b465ee728b)
Start importing Assets/Sprites/Sprites/Hierbas.png using Guid(2310d46a545275e4ea9141bdb13fc937) Importer(815301076,1909f56bfc062723c751e8b465ee728b)  -> (artifact id: '3ce9ff5e61f530c17892c4564aa7720a') in 0.022016 seconds 
  Import took 0.025779 seconds .

========================================================================
Received Import Request.
  Time since last request: 0.000292 seconds.
  path: Assets/Sprites/Sprites/Coins2.png
  artifactKey: Guid(c03f8ea85b74c1b44a3fac2b82f05c62) Importer(815301076,1909f56bfc062723c751e8b465ee728b)
Start importing Assets/Sprites/Sprites/Coins2.png using Guid(c03f8ea85b74c1b44a3fac2b82f05c62) Importer(815301076,1909f56bfc062723c751e8b465ee728b)  -> (artifact id: 'd9e00898c5577b92f5de2d2c1d8bc8cc') in 0.022588 seconds 
  Import took 0.025946 seconds .

========================================================================
Received Import Request.
  Time since last request: 0.000290 seconds.
  path: Assets/Sprites/Sprites/Mario.png
  artifactKey: Guid(49ab15f9fa94db94a97f01601c7c6c7c) Importer(815301076,1909f56bfc062723c751e8b465ee728b)
Start importing Assets/Sprites/Sprites/Mario.png using Guid(49ab15f9fa94db94a97f01601c7c6c7c) Importer(815301076,1909f56bfc062723c751e8b465ee728b)  -> (artifact id: '5f0623ef19e4ac6c4cc6c34cc2915134') in 0.026657 seconds 
  Import took 0.029871 seconds .

========================================================================
Received Import Request.
  Time since last request: 0.000263 seconds.
  path: Assets/Sprites/Sprites/Tuberias.png
  artifactKey: Guid(370fa3c796698dc4c8cb6e0a20af8010) Importer(815301076,1909f56bfc062723c751e8b465ee728b)
Start importing Assets/Sprites/Sprites/Tuberias.png using Guid(370fa3c796698dc4c8cb6e0a20af8010) Importer(815301076,1909f56bfc062723c751e8b465ee728b)  -> (artifact id: '889119d6ff9b0875e5372f547e807a3a') in 0.021075 seconds 
  Import took 0.036155 seconds .

========================================================================
Received Import Request.
  Time since last request: 0.000338 seconds.
  path: Assets/Sprites/Sprites/Ladrillos.png
  artifactKey: Guid(2ffe33f3330c4e3479c6568bbaefadd4) Importer(815301076,1909f56bfc062723c751e8b465ee728b)
Start importing Assets/Sprites/Sprites/Ladrillos.png using Guid(2ffe33f3330c4e3479c6568bbaefadd4) Importer(815301076,1909f56bfc062723c751e8b465ee728b)  -> (artifact id: 'c81f4a08d0ac885bb9076f38c9a047ef') in 0.022347 seconds 
  Import took 0.026064 seconds .

========================================================================
Received Import Request.
  Time since last request: 0.000298 seconds.
  path: Assets/Sprites/Sprites/Castillo.png
  artifactKey: Guid(fe5de22d130a40740b1e118b7a02ae00) Importer(815301076,1909f56bfc062723c751e8b465ee728b)
Start importing Assets/Sprites/Sprites/Castillo.png using Guid(fe5de22d130a40740b1e118b7a02ae00) Importer(815301076,1909f56bfc062723c751e8b465ee728b)  -> (artifact id: '963e3de780a743d9a3919fd5ab607758') in 0.022831 seconds 
  Import took 0.027089 seconds .

========================================================================
Received Import Request.
  Time since last request: 0.000271 seconds.
  path: Assets/Sprites/Sprites/Goombas.png
  artifactKey: Guid(0994f0fdaf9a31e4ab5e66314837c70e) Importer(815301076,1909f56bfc062723c751e8b465ee728b)
Start importing Assets/Sprites/Sprites/Goombas.png using Guid(0994f0fdaf9a31e4ab5e66314837c70e) Importer(815301076,1909f56bfc062723c751e8b465ee728b)  -> (artifact id: '6055504550178c05afae7ed3d926e993') in 0.020955 seconds 
  Import took 0.024344 seconds .

========================================================================
Received Import Request.
  Time since last request: 0.000223 seconds.
  path: Assets/Sprites/Sprites/Super_Mario_Bros._Logo.png
  artifactKey: Guid(76400a1f1fab7c84dba16c2311f8fa53) Importer(815301076,1909f56bfc062723c751e8b465ee728b)
Start importing Assets/Sprites/Sprites/Super_Mario_Bros._Logo.png using Guid(76400a1f1fab7c84dba16c2311f8fa53) Importer(815301076,1909f56bfc062723c751e8b465ee728b)  -> (artifact id: '443192973e5ed934e06a1e0a262dfc80') in 0.034686 seconds 
  Import took 0.038029 seconds .

========================================================================
Received Import Request.
  Time since last request: 0.000298 seconds.
  path: Assets/Sprites/Sprites/Montanas.png
  artifactKey: Guid(b1f38530daf56ab4d8e5759db304579d) Importer(815301076,1909f56bfc062723c751e8b465ee728b)
Start importing Assets/Sprites/Sprites/Montanas.png using Guid(b1f38530daf56ab4d8e5759db304579d) Importer(815301076,1909f56bfc062723c751e8b465ee728b)  -> (artifact id: 'be8376656134c6bf45ec8d7cb9a9a997') in 0.021521 seconds 
  Import took 0.025712 seconds .

========================================================================
Received Import Request.
  Time since last request: 0.000275 seconds.
  path: Assets/Sprites/Sprites/Cajas.png
  artifactKey: Guid(922fec3217c6e1d449c24826912f92b9) Importer(815301076,1909f56bfc062723c751e8b465ee728b)
Start importing Assets/Sprites/Sprites/Cajas.png using Guid(922fec3217c6e1d449c24826912f92b9) Importer(815301076,1909f56bfc062723c751e8b465ee728b)  -> (artifact id: '950fae7d8535337b7983939fc8286b52') in 0.018496 seconds 
  Import took 0.022557 seconds .

========================================================================
Received Import Request.
  Time since last request: 0.000276 seconds.
  path: Assets/Sprites/Sprites/Coins1.png
  artifactKey: Guid(a7471fa286eda4d4db3425c4c1ce1634) Importer(815301076,1909f56bfc062723c751e8b465ee728b)
Start importing Assets/Sprites/Sprites/Coins1.png using Guid(a7471fa286eda4d4db3425c4c1ce1634) Importer(815301076,1909f56bfc062723c751e8b465ee728b)  -> (artifact id: 'ad6438d74824239e5defc7349abb1a4b') in 0.024430 seconds 
  Import took 0.044644 seconds .

========================================================================
Received Import Request.
  Time since last request: 0.000197 seconds.
  path: Assets/Sprites/Sprites/Nuves.png
  artifactKey: Guid(3edd3e1d8619cbc419c796c63f0b907d) Importer(815301076,1909f56bfc062723c751e8b465ee728b)
Start importing Assets/Sprites/Sprites/Nuves.png using Guid(3edd3e1d8619cbc419c796c63f0b907d) Importer(815301076,1909f56bfc062723c751e8b465ee728b)  -> (artifact id: '6ba578cc3613e691e00e5aa1548ddf09') in 0.019097 seconds 
  Import took 0.022480 seconds .

AssetImportWorkerClient::OnTransportError - code=2 error=End of file
